0 info it worked if it ends with ok
1 verbose cli [ '/Users/skywalk3r/.nvm/versions/node/v5.7.0/bin/node',
1 verbose cli   '/Users/skywalk3r/.nvm/versions/node/v5.7.0/bin/npm',
1 verbose cli   'version',
1 verbose cli   '3.0.0' ]
2 info using npm@3.8.9
3 info using node@v5.7.0
4 verbose stack Error: Version not changed
4 verbose stack     at persistVersion (/Users/skywalk3r/.nvm/versions/node/v5.7.0/lib/node_modules/npm/lib/version.js:91:47)
4 verbose stack     at /Users/skywalk3r/.nvm/versions/node/v5.7.0/lib/node_modules/npm/lib/version.js:46:7
4 verbose stack     at /Users/skywalk3r/.nvm/versions/node/v5.7.0/lib/node_modules/npm/lib/version.js:118:5
4 verbose stack     at /Users/skywalk3r/.nvm/versions/node/v5.7.0/lib/node_modules/npm/node_modules/graceful-fs/graceful-fs.js:78:16
4 verbose stack     at FSReqWrap.readFileAfterClose [as oncomplete] (fs.js:404:3)
5 verbose cwd /Users/skywalk3r/Projects/learning/nodeschool.io/how-to-npm
6 error Darwin 15.4.0
7 error argv "/Users/skywalk3r/.nvm/versions/node/v5.7.0/bin/node" "/Users/skywalk3r/.nvm/versions/node/v5.7.0/bin/npm" "version" "3.0.0"
8 error node v5.7.0
9 error npm  v3.8.9
10 error Version not changed
11 error If you need help, you may report this error at:
11 error     <https://github.com/npm/npm/issues>
12 verbose exit [ 1, true ]
